<?xml version="1.0" encoding="UTF-8" ?>
<testsuite tests="5" failures="0" name="fr.formation.services.CalculTest" time="0.232" errors="0" skipped="0">
  <properties>
[...]
</properties>
  <testcase classname="repetition 1 of 3(Test de la méthode somme(...))" name="repetition 1 of 3(Test de la méthode somme" time="0.088"/>
  <testcase classname="repetition 2 of 3(Test de la méthode somme(...))" name="repetition 2 of 3(Test de la méthode somme" time="0.014"/>
  <testcase classname="repetition 3 of 3(Test de la méthode somme(...))" name="repetition 3 of 3(Test de la méthode somme" time="0.079"/>
  <testcase classname="CalculTest" name="Test de la methode division(...) - Exception attendue" time="0.026"/>
  <testcase classname="CalculTest" name="Test de la méthode division(...)" time="0.025"/>
</testsuite>